<?xml version="1.0" encoding="UTF-8"?>
<coverage generated="1595691769346" clover="3.2.0">
  <project timestamp="1595691769347" name="All files">
    <metrics statements="28" coveredstatements="28" conditionals="18" coveredconditionals="14" methods="10" coveredmethods="10" elements="56" coveredelements="52" complexity="0" loc="28" ncloc="28" packages="2" files="2" classes="2"/>
    <package name="dist.js">
      <metrics statements="22" coveredstatements="22" conditionals="14" coveredconditionals="10" methods="7" coveredmethods="7"/>
      <file name="Damage.js" path="E:\IT_and_programing\Frontend\8.0_Homeworks\Task_9.1\dist\js\Damage.js">
        <metrics statements="22" coveredstatements="22" conditionals="14" coveredconditionals="10" methods="7" coveredmethods="7"/>
        <line num="1" count="1" type="stmt"/>
        <line num="3" count="1" type="stmt"/>
        <line num="5" count="1" type="stmt"/>
        <line num="8" count="1" type="stmt"/>
        <line num="10" count="5" type="cond" truecount="1" falsecount="1"/>
        <line num="12" count="1" type="cond" truecount="3" falsecount="1"/>
        <line num="14" count="1" type="cond" truecount="2" falsecount="2"/>
        <line num="16" count="1" type="stmt"/>
        <line num="18" count="5" type="stmt"/>
        <line num="20" count="5" type="stmt"/>
        <line num="21" count="5" type="stmt"/>
        <line num="24" count="1" type="stmt"/>
        <line num="27" count="5" type="stmt"/>
        <line num="30" count="5" type="cond" truecount="2" falsecount="0"/>
        <line num="32" count="5" type="cond" truecount="2" falsecount="0"/>
        <line num="33" count="3" type="stmt"/>
        <line num="38" count="1" type="stmt"/>
        <line num="41" count="1" type="stmt"/>
        <line num="42" count="1" type="stmt"/>
        <line num="43" count="1" type="stmt"/>
        <line num="44" count="1" type="stmt"/>
        <line num="45" count="1" type="stmt"/>
      </file>
    </package>
    <package name="src.js">
      <metrics statements="6" coveredstatements="6" conditionals="4" coveredconditionals="4" methods="3" coveredmethods="3"/>
      <file name="Damage.js" path="E:\IT_and_programing\Frontend\8.0_Homeworks\Task_9.1\src\js\Damage.js">
        <metrics statements="6" coveredstatements="6" conditionals="4" coveredconditionals="4" methods="3" coveredmethods="3"/>
        <line num="3" count="4" type="stmt"/>
        <line num="4" count="4" type="stmt"/>
        <line num="8" count="4" type="stmt"/>
        <line num="12" count="4" type="cond" truecount="2" falsecount="0"/>
        <line num="13" count="4" type="cond" truecount="2" falsecount="0"/>
        <line num="14" count="2" type="stmt"/>
      </file>
    </package>
  </project>
</coverage>
