{"E:\\IT_and_programing\\Frontend\\8.0_Homeworks\\Task_9.1\\dist\\js\\Damage.js": {"path":"E:\\IT_and_programing\\Frontend\\8.0_Homeworks\\Task_9.1\\dist\\js\\Damage.js","statementMap":{"0":{"start":{"line":1,"column":0},"end":{"line":1,"column":40}},"1":{"start":{"line":3,"column":0},"end":{"line":3,"column":53}},"2":{"start":{"line":5,"column":0},"end":{"line":7,"column":3}},"3":{"start":{"line":8,"column":0},"end":{"line":8,"column":25}},"4":{"start":{"line":10,"column":50},"end":{"line":10,"column":151}},"5":{"start":{"line":10,"column":92},"end":{"line":10,"column":149}},"6":{"start":{"line":12,"column":44},"end":{"line":12,"column":317}},"7":{"start":{"line":12,"column":57},"end":{"line":12,"column":58}},"8":{"start":{"line":12,"column":104},"end":{"line":12,"column":112}},"9":{"start":{"line":12,"column":114},"end":{"line":12,"column":169}},"10":{"start":{"line":12,"column":170},"end":{"line":12,"column":201}},"11":{"start":{"line":12,"column":202},"end":{"line":12,"column":256}},"12":{"start":{"line":12,"column":229},"end":{"line":12,"column":256}},"13":{"start":{"line":12,"column":257},"end":{"line":12,"column":315}},"14":{"start":{"line":14,"column":62},"end":{"line":14,"column":131}},"15":{"start":{"line":14,"column":78},"end":{"line":14,"column":131}},"16":{"start":{"line":14,"column":132},"end":{"line":14,"column":193}},"17":{"start":{"line":14,"column":149},"end":{"line":14,"column":193}},"18":{"start":{"line":14,"column":194},"end":{"line":14,"column":213}},"19":{"start":{"line":16,"column":31},"end":{"line":39,"column":3}},"20":{"start":{"line":18,"column":4},"end":{"line":18,"column":34}},"21":{"start":{"line":20,"column":4},"end":{"line":20,"column":25}},"22":{"start":{"line":21,"column":4},"end":{"line":21,"column":22}},"23":{"start":{"line":24,"column":2},"end":{"line":36,"column":6}},"24":{"start":{"line":27,"column":6},"end":{"line":27,"column":25}},"25":{"start":{"line":30,"column":6},"end":{"line":30,"column":85}},"26":{"start":{"line":32,"column":6},"end":{"line":34,"column":7}},"27":{"start":{"line":33,"column":8},"end":{"line":33,"column":47}},"28":{"start":{"line":38,"column":2},"end":{"line":38,"column":16}},"29":{"start":{"line":41,"column":17},"end":{"line":41,"column":23}},"30":{"start":{"line":42,"column":0},"end":{"line":42,"column":27}},"31":{"start":{"line":43,"column":17},"end":{"line":43,"column":33}},"32":{"start":{"line":44,"column":0},"end":{"line":44,"column":25}},"33":{"start":{"line":45,"column":0},"end":{"line":45,"column":34}}},"fnMap":{"0":{"name":"_classCallCheck","decl":{"start":{"line":10,"column":9},"end":{"line":10,"column":24}},"loc":{"start":{"line":10,"column":48},"end":{"line":10,"column":153}},"line":10},"1":{"name":"_defineProperties","decl":{"start":{"line":12,"column":9},"end":{"line":12,"column":26}},"loc":{"start":{"line":12,"column":42},"end":{"line":12,"column":319}},"line":12},"2":{"name":"_createClass","decl":{"start":{"line":14,"column":9},"end":{"line":14,"column":21}},"loc":{"start":{"line":14,"column":60},"end":{"line":14,"column":215}},"line":14},"3":{"name":"(anonymous_3)","decl":{"start":{"line":16,"column":31},"end":{"line":16,"column":32}},"loc":{"start":{"line":16,"column":43},"end":{"line":39,"column":1}},"line":16},"4":{"name":"Damage","decl":{"start":{"line":17,"column":11},"end":{"line":17,"column":17}},"loc":{"start":{"line":17,"column":26},"end":{"line":22,"column":3}},"line":17},"5":{"name":"get","decl":{"start":{"line":26,"column":18},"end":{"line":26,"column":21}},"loc":{"start":{"line":26,"column":24},"end":{"line":28,"column":5}},"line":26},"6":{"name":"set","decl":{"start":{"line":29,"column":18},"end":{"line":29,"column":21}},"loc":{"start":{"line":29,"column":32},"end":{"line":35,"column":5}},"line":29}},"branchMap":{"0":{"loc":{"start":{"line":10,"column":50},"end":{"line":10,"column":151}},"type":"if","locations":[{"start":{"line":10,"column":50},"end":{"line":10,"column":151}},{"start":{"line":10,"column":50},"end":{"line":10,"column":151}}],"line":10},"1":{"loc":{"start":{"line":12,"column":138},"end":{"line":12,"column":168}},"type":"binary-expr","locations":[{"start":{"line":12,"column":138},"end":{"line":12,"column":159}},{"start":{"line":12,"column":163},"end":{"line":12,"column":168}}],"line":12},"2":{"loc":{"start":{"line":12,"column":202},"end":{"line":12,"column":256}},"type":"if","locations":[{"start":{"line":12,"column":202},"end":{"line":12,"column":256}},{"start":{"line":12,"column":202},"end":{"line":12,"column":256}}],"line":12},"3":{"loc":{"start":{"line":14,"column":62},"end":{"line":14,"column":131}},"type":"if","locations":[{"start":{"line":14,"column":62},"end":{"line":14,"column":131}},{"start":{"line":14,"column":62},"end":{"line":14,"column":131}}],"line":14},"4":{"loc":{"start":{"line":14,"column":132},"end":{"line":14,"column":193}},"type":"if","locations":[{"start":{"line":14,"column":132},"end":{"line":14,"column":193}},{"start":{"line":14,"column":132},"end":{"line":14,"column":193}}],"line":14},"5":{"loc":{"start":{"line":30,"column":20},"end":{"line":30,"column":84}},"type":"cond-expr","locations":[{"start":{"line":30,"column":37},"end":{"line":30,"column":48}},{"start":{"line":30,"column":51},"end":{"line":30,"column":84}}],"line":30},"6":{"loc":{"start":{"line":32,"column":6},"end":{"line":34,"column":7}},"type":"if","locations":[{"start":{"line":32,"column":6},"end":{"line":34,"column":7}},{"start":{"line":32,"column":6},"end":{"line":34,"column":7}}],"line":32}},"s":{"0":1,"1":1,"2":1,"3":1,"4":5,"5":0,"6":1,"7":1,"8":1,"9":1,"10":1,"11":1,"12":0,"13":1,"14":1,"15":1,"16":1,"17":0,"18":1,"19":1,"20":5,"21":5,"22":5,"23":1,"24":5,"25":5,"26":5,"27":3,"28":1,"29":1,"30":1,"31":1,"32":1,"33":1},"f":{"0":5,"1":1,"2":1,"3":1,"4":5,"5":5,"6":5},"b":{"0":[0,5],"1":[1,1],"2":[0,1],"3":[1,0],"4":[0,1],"5":[3,2],"6":[3,2]},"_coverageSchema":"1a1c01bbd47fc00a2c39e90264f33305004495a9","hash":"90fe005606d29bad4e3ab50dd3d9adc77be01f84"}
,"E:\\IT_and_programing\\Frontend\\8.0_Homeworks\\Task_9.1\\src\\js\\Damage.js": {"path":"E:\\IT_and_programing\\Frontend\\8.0_Homeworks\\Task_9.1\\src\\js\\Damage.js","statementMap":{"0":{"start":{"line":3,"column":4},"end":{"line":3,"column":25}},"1":{"start":{"line":4,"column":4},"end":{"line":4,"column":22}},"2":{"start":{"line":8,"column":4},"end":{"line":8,"column":23}},"3":{"start":{"line":12,"column":4},"end":{"line":12,"column":83}},"4":{"start":{"line":13,"column":4},"end":{"line":15,"column":5}},"5":{"start":{"line":14,"column":6},"end":{"line":14,"column":45}}},"fnMap":{"0":{"name":"(anonymous_0)","decl":{"start":{"line":2,"column":2},"end":{"line":2,"column":3}},"loc":{"start":{"line":2,"column":22},"end":{"line":5,"column":3}},"line":2},"1":{"name":"(anonymous_1)","decl":{"start":{"line":7,"column":2},"end":{"line":7,"column":3}},"loc":{"start":{"line":7,"column":20},"end":{"line":9,"column":3}},"line":7},"2":{"name":"(anonymous_2)","decl":{"start":{"line":11,"column":2},"end":{"line":11,"column":3}},"loc":{"start":{"line":11,"column":28},"end":{"line":16,"column":3}},"line":11}},"branchMap":{"0":{"loc":{"start":{"line":12,"column":18},"end":{"line":12,"column":82}},"type":"cond-expr","locations":[{"start":{"line":12,"column":35},"end":{"line":12,"column":46}},{"start":{"line":12,"column":49},"end":{"line":12,"column":82}}],"line":12},"1":{"loc":{"start":{"line":13,"column":4},"end":{"line":15,"column":5}},"type":"if","locations":[{"start":{"line":13,"column":4},"end":{"line":15,"column":5}},{"start":{"line":13,"column":4},"end":{"line":15,"column":5}}],"line":13}},"s":{"0":4,"1":4,"2":4,"3":4,"4":4,"5":2},"f":{"0":4,"1":4,"2":4},"b":{"0":[2,2],"1":[2,2]},"_coverageSchema":"1a1c01bbd47fc00a2c39e90264f33305004495a9","hash":"a99e0cabbfe73a01eeede4f8c3e081bde40a2c8f"}
}
