TN:
SF:dist\js\Damage.js
FN:10,_classCallCheck
FN:12,_defineProperties
FN:14,_createClass
FN:16,(anonymous_3)
FN:17,Damage
FN:26,get
FN:29,set
FNF:7
FNH:7
FNDA:5,_classCallCheck
FNDA:1,_defineProperties
FNDA:1,_createClass
FNDA:1,(anonymous_3)
FNDA:5,Damage
FNDA:5,get
FNDA:5,set
DA:1,1
DA:3,1
DA:5,1
DA:8,1
DA:10,5
DA:12,1
DA:14,1
DA:16,1
DA:18,5
DA:20,5
DA:21,5
DA:24,1
DA:27,5
DA:30,5
DA:32,5
DA:33,3
DA:38,1
DA:41,1
DA:42,1
DA:43,1
DA:44,1
DA:45,1
LF:22
LH:22
BRDA:10,0,0,0
BRDA:10,0,1,5
BRDA:12,1,0,1
BRDA:12,1,1,1
BRDA:12,2,0,0
BRDA:12,2,1,1
BRDA:14,3,0,1
BRDA:14,3,1,0
BRDA:14,4,0,0
BRDA:14,4,1,1
BRDA:30,5,0,3
BRDA:30,5,1,2
BRDA:32,6,0,3
BRDA:32,6,1,2
BRF:14
BRH:10
end_of_record
TN:
SF:src\js\Damage.js
FN:2,(anonymous_0)
FN:7,(anonymous_1)
FN:11,(anonymous_2)
FNF:3
FNH:3
FNDA:4,(anonymous_0)
FNDA:4,(anonymous_1)
FNDA:4,(anonymous_2)
DA:3,4
DA:4,4
DA:8,4
DA:12,4
DA:13,4
DA:14,2
LF:6
LH:6
BRDA:12,0,0,2
BRDA:12,0,1,2
BRDA:13,1,0,2
BRDA:13,1,1,2
BRF:4
BRH:4
end_of_record
